2025-06-20 12:43:32,147 - INFO - Crawling image double_cabin
2025-06-20 12:43:32,148 - INFO - start crawling...
2025-06-20 12:43:32,148 - INFO - starting 1 feeder threads...
2025-06-20 12:43:32,149 - INFO - starting 1 parser threads...
2025-06-20 12:43:32,150 - INFO - starting 1 downloader threads...
2025-06-20 12:44:20,210 - INFO - Crawling task done!
2025-06-20 12:44:20,210 - INFO - Crawling image double_cabin finish
2025-06-20 12:44:20,210 - INFO - Formating image name inside folder ../data/raw/double_cabin
2025-06-20 12:44:20,213 - INFO - Formating image name inside folder ../data/raw/double_cabin finish
2025-06-20 12:44:20,214 - INFO - Crawling image jeep
2025-06-20 12:44:20,215 - INFO - start crawling...
2025-06-20 12:44:20,215 - INFO - starting 1 feeder threads...
2025-06-20 12:44:20,215 - INFO - starting 1 parser threads...
2025-06-20 12:44:20,217 - INFO - starting 1 downloader threads...
2025-06-20 12:45:42,321 - INFO - Crawling task done!
2025-06-20 12:45:42,321 - INFO - Crawling image jeep finish
2025-06-20 12:45:42,321 - INFO - Formating image name inside folder ../data/raw/jeep
2025-06-20 12:45:42,324 - INFO - Formating image name inside folder ../data/raw/jeep finish
2025-06-20 12:45:42,326 - INFO - Crawling image pickup
2025-06-20 12:45:42,326 - INFO - start crawling...
2025-06-20 12:45:42,327 - INFO - starting 1 feeder threads...
2025-06-20 12:45:42,327 - INFO - starting 1 parser threads...
2025-06-20 12:45:42,329 - INFO - starting 1 downloader threads...
2025-06-20 12:46:40,401 - INFO - Crawling task done!
2025-06-20 12:46:40,401 - INFO - Crawling image pickup finish
2025-06-20 12:46:40,401 - INFO - Formating image name inside folder ../data/raw/pickup
2025-06-20 12:46:40,404 - INFO - Formating image name inside folder ../data/raw/pickup finish
2025-06-20 12:46:40,405 - INFO - Crawling image truck
2025-06-20 12:46:40,405 - INFO - start crawling...
2025-06-20 12:46:40,405 - INFO - starting 1 feeder threads...
2025-06-20 12:46:40,406 - INFO - starting 1 parser threads...
2025-06-20 12:46:40,409 - INFO - starting 1 downloader threads...
2025-06-20 12:47:58,504 - INFO - Crawling task done!
2025-06-20 12:47:58,505 - INFO - Crawling image truck finish
2025-06-20 12:47:58,505 - INFO - Formating image name inside folder ../data/raw/truck
2025-06-20 12:47:58,511 - INFO - Formating image name inside folder ../data/raw/truck finish
