[2025-06-21 01:47:13] Using device: cuda
[2025-06-21 01:47:17] Classes: ['bajaj', 'bus', 'double_cabin', 'hatchback', 'jeep', 'minivan', 'mpv', 'pickup', 'sedan', 'suv', 'truck']
[2025-06-21 01:47:21] Epoch [1/30]
[2025-06-21 01:47:31] Train Loss: 2.3652, Train Acc: 0.1606
[2025-06-21 01:47:33] Val Loss: 2.1391, Val Acc: 0.3312
[2025-06-21 01:47:34] ✅ Saved new best model
[2025-06-21 01:47:34] Epoch [2/30]
[2025-06-21 01:47:42] Train Loss: 2.0245, Train Acc: 0.3373
[2025-06-21 01:47:43] Val Loss: 1.8031, Val Acc: 0.5584
[2025-06-21 01:47:45] ✅ Saved new best model
[2025-06-21 01:47:45] Epoch [3/30]
[2025-06-21 01:47:53] Train Loss: 1.6308, Train Acc: 0.4996
[2025-06-21 01:47:54] Val Loss: 1.4228, Val Acc: 0.6494
[2025-06-21 01:47:56] ✅ Saved new best model
[2025-06-21 01:47:56] Epoch [4/30]
[2025-06-21 01:48:04] Train Loss: 1.3484, Train Acc: 0.5675
[2025-06-21 01:48:05] Val Loss: 1.1308, Val Acc: 0.7208
[2025-06-21 01:48:06] ✅ Saved new best model
[2025-06-21 01:48:06] Epoch [5/30]
[2025-06-21 01:48:14] Train Loss: 1.1006, Train Acc: 0.6415
[2025-06-21 01:48:16] Val Loss: 0.9658, Val Acc: 0.7403
[2025-06-21 01:48:17] ✅ Saved new best model
[2025-06-21 01:48:17] Epoch [6/30]
[2025-06-21 01:48:25] Train Loss: 0.9652, Train Acc: 0.6746
[2025-06-21 01:48:26] Val Loss: 0.8752, Val Acc: 0.7532
[2025-06-21 01:48:28] ✅ Saved new best model
[2025-06-21 01:48:28] Epoch [7/30]
[2025-06-21 01:48:36] Train Loss: 0.8405, Train Acc: 0.7179
[2025-06-21 01:48:37] Val Loss: 0.8058, Val Acc: 0.7468
[2025-06-21 01:48:37] Epoch [8/30]
[2025-06-21 01:48:46] Train Loss: 0.7710, Train Acc: 0.7460
[2025-06-21 01:48:47] Val Loss: 0.7644, Val Acc: 0.7662
[2025-06-21 01:48:49] ✅ Saved new best model
[2025-06-21 01:48:49] Epoch [9/30]
[2025-06-21 01:48:57] Train Loss: 0.6933, Train Acc: 0.7655
[2025-06-21 01:48:58] Val Loss: 0.7277, Val Acc: 0.7597
[2025-06-21 01:48:58] Epoch [10/30]
[2025-06-21 01:49:06] Train Loss: 0.6194, Train Acc: 0.7978
[2025-06-21 01:49:07] Val Loss: 0.7181, Val Acc: 0.7532
[2025-06-21 01:49:07] Epoch [11/30]
[2025-06-21 01:49:16] Train Loss: 0.5581, Train Acc: 0.8139
[2025-06-21 01:49:17] Val Loss: 0.6926, Val Acc: 0.7403
[2025-06-21 01:49:17] Epoch [12/30]
[2025-06-21 01:49:26] Train Loss: 0.4875, Train Acc: 0.8428
[2025-06-21 01:49:27] Val Loss: 0.6786, Val Acc: 0.7727
[2025-06-21 01:49:28] ✅ Saved new best model
[2025-06-21 01:49:28] Epoch [13/30]
[2025-06-21 01:49:37] Train Loss: 0.4981, Train Acc: 0.8377
[2025-06-21 01:49:38] Val Loss: 0.6770, Val Acc: 0.7597
[2025-06-21 01:49:38] Epoch [14/30]
[2025-06-21 01:49:47] Train Loss: 0.4536, Train Acc: 0.8564
[2025-06-21 01:49:48] Val Loss: 0.6706, Val Acc: 0.7597
[2025-06-21 01:49:48] Epoch [15/30]
[2025-06-21 01:49:57] Train Loss: 0.4361, Train Acc: 0.8556
[2025-06-21 01:49:58] Val Loss: 0.6332, Val Acc: 0.7662
[2025-06-21 01:49:58] Epoch [16/30]
[2025-06-21 01:50:06] Train Loss: 0.3965, Train Acc: 0.8794
[2025-06-21 01:50:08] Val Loss: 0.6203, Val Acc: 0.7792
[2025-06-21 01:50:09] ✅ Saved new best model
[2025-06-21 01:50:09] Epoch [17/30]
[2025-06-21 01:50:18] Train Loss: 0.3690, Train Acc: 0.8811
[2025-06-21 01:50:19] Val Loss: 0.6185, Val Acc: 0.7597
[2025-06-21 01:50:19] Epoch [18/30]
[2025-06-21 01:50:28] Train Loss: 0.3729, Train Acc: 0.8802
[2025-06-21 01:50:29] Val Loss: 0.6253, Val Acc: 0.7662
[2025-06-21 01:50:29] Epoch [19/30]
[2025-06-21 01:50:37] Train Loss: 0.3382, Train Acc: 0.8963
[2025-06-21 01:50:38] Val Loss: 0.6069, Val Acc: 0.7597
[2025-06-21 01:50:38] Epoch [20/30]
[2025-06-21 01:50:47] Train Loss: 0.3153, Train Acc: 0.8980
[2025-06-21 01:50:48] Val Loss: 0.5988, Val Acc: 0.7857
[2025-06-21 01:50:50] ✅ Saved new best model
[2025-06-21 01:50:50] Epoch [21/30]
[2025-06-21 01:50:58] Train Loss: 0.2805, Train Acc: 0.9142
[2025-06-21 01:50:59] Val Loss: 0.6119, Val Acc: 0.7597
[2025-06-21 01:50:59] Epoch [22/30]
[2025-06-21 01:51:08] Train Loss: 0.2793, Train Acc: 0.9176
[2025-06-21 01:51:09] Val Loss: 0.5950, Val Acc: 0.7792
[2025-06-21 01:51:09] Epoch [23/30]
[2025-06-21 01:51:18] Train Loss: 0.2490, Train Acc: 0.9210
[2025-06-21 01:51:19] Val Loss: 0.5947, Val Acc: 0.7727
[2025-06-21 01:51:19] Epoch [24/30]
[2025-06-21 01:51:28] Train Loss: 0.2467, Train Acc: 0.9218
[2025-06-21 01:51:29] Val Loss: 0.6087, Val Acc: 0.7662
[2025-06-21 01:51:29] Epoch [25/30]
[2025-06-21 01:51:37] Train Loss: 0.2182, Train Acc: 0.9337
[2025-06-21 01:51:38] Val Loss: 0.5805, Val Acc: 0.7792
[2025-06-21 01:51:38] ⚠️ Early stopping triggered after 5 epochs without improvement
[2025-06-21 01:51:38] 🎯 Best Validation Accuracy: 0.7857
